<?xml version="1.0" encoding="UTF-8"?>
<testsuite xmlns:xsi="http://www.w3.org/2001/XMLSchema-instance" xsi:schemaLocation="https://maven.apache.org/surefire/maven-surefire-plugin/xsd/surefire-test-report.xsd" name="TestSuite" time="448.036" tests="24" errors="0" skipped="0" failures="0">
  <properties>
    <property name="java.runtime.name" value="Java(TM) SE Runtime Environment"/>
    <property name="java.vm.version" value="12.0.2+10"/>
    <property name="sun.boot.library.path" value="C:\Program Files\Java\jdk-12.0.2\bin"/>
    <property name="maven.multiModuleProjectDirectory" value="C:\Users\Dell\eclipse-workspace5\TestNG-LambdaTest"/>
    <property name="java.vm.vendor" value="Oracle Corporation"/>
    <property name="java.vendor.url" value="https://java.oracle.com/"/>
    <property name="guice.disable.misplaced.annotation.check" value="true"/>
    <property name="path.separator" value=";"/>
    <property name="java.vm.name" value="Java HotSpot(TM) 64-Bit Server VM"/>
    <property name="sun.os.patch.level" value=""/>
    <property name="user.script" value=""/>
    <property name="user.country" value="IN"/>
    <property name="sun.java.launcher" value="SUN_STANDARD"/>
    <property name="java.vm.specification.name" value="Java Virtual Machine Specification"/>
    <property name="user.dir" value="C:\Users\Dell\eclipse-workspace5\TestNG-LambdaTest"/>
    <property name="java.vm.compressedOopsMode" value="32-bit"/>
    <property name="java.runtime.version" value="12.0.2+10"/>
    <property name="java.awt.graphicsenv" value="sun.awt.Win32GraphicsEnvironment"/>
    <property name="os.arch" value="amd64"/>
    <property name="java.io.tmpdir" value="C:\Users\Dell\AppData\Local\Temp\"/>
    <property name="line.separator" value="&#10;"/>
    <property name="java.vm.specification.vendor" value="Oracle Corporation"/>
    <property name="user.variant" value=""/>
    <property name="os.name" value="Windows 10"/>
    <property name="classworlds.conf" value="C:\Users\Dell\eclipse-workspace5\.metadata\.plugins\org.eclipse.m2e.launching\launches\m2conf17659274291815500219.tmp"/>
    <property name="sun.jnu.encoding" value="Cp1252"/>
    <property name="java.library.path" value="C:\Program Files\Java\jdk-12.0.2\bin;C:\WINDOWS\Sun\Java\bin;C:\WINDOWS\system32;C:\WINDOWS;C:/Users/Dell/.p2/pool/plugins/org.eclipse.justj.openjdk.hotspot.jre.full.win32.x86_64_18.0.1.v20220515-1614/jre/bin/server;C:/Users/Dell/.p2/pool/plugins/org.eclipse.justj.openjdk.hotspot.jre.full.win32.x86_64_18.0.1.v20220515-1614/jre/bin;C:\Program Files\Common Files\Oracle\Java\javapath;C:\Program Files (x86)\Common Files\Oracle\Java\javapath;C:\WINDOWS\system32;C:\WINDOWS;C:\WINDOWS\System32\Wbem;C:\WINDOWS\System32\WindowsPowerShell\v1.0\;C:\WINDOWS\System32\OpenSSH\;C:\Program Files\Java\jdk-12.0.2\bin;C:\Program Files\Git\cmd;C:\Program Files\apache-maven-3.8.4\bin;C:\Program Files\nodejs\;C:\Program Files\PuTTY\;C:\Users\Dell\AppData\Local\Programs\Python\Python310\Lib\site-packages\;C:\Users\Dell\AppData\Local\Programs\Python\Python310\Scripts\;C:\Users\Dell\AppData\Local\Programs\Python\Python310\;C:\Put a directory on PYTHONPATH here\Scripts\;C:\Put a directory on PYTHONPATH here\Lib\site-packages\;D:\Softwares\gradle-6.6\bin;C:\Program Files\nodejs;C:\Users\Dell\AppData\Local\Programs\Python\Python310\Scripts\;C:\Users\Dell\AppData\Local\Programs\Python\Python310\;C:\Program Files\MySQL\MySQL Shell 8.0\bin\;C:\Users\Dell\AppData\Local\Microsoft\WindowsApps;C:\Program Files\Java\jdk1.8.0_311\bin;C:\Program Files\Java\jre1.8.0_311\bin;C:\Users\Dell\AppData\Roaming\npm;C:\Users\Dell\AppData\Local\Programs\Microsoft VS Code\bin;C:\Program Files\JetBrains\PyCharm Community Edition 2022.1\bin;;C:\Users\Dell\AppData\Local\Programs\Python\Python310\Lib\site-packages\;;C:\Program Files\JetBrains\IntelliJ IDEA Community Edition 2022.1.1\bin;;C:\Users\Dell\Desktop;;."/>
    <property name="jdk.debug" value="release"/>
    <property name="java.class.version" value="56.0"/>
    <property name="java.specification.name" value="Java Platform API Specification"/>
    <property name="sun.management.compiler" value="HotSpot 64-Bit Tiered Compilers"/>
    <property name="os.version" value="10.0"/>
    <property name="user.home" value="C:\Users\Dell"/>
    <property name="user.timezone" value="Asia/Calcutta"/>
    <property name="file.encoding" value="UTF-8"/>
    <property name="java.specification.version" value="12"/>
    <property name="user.name" value="Dell"/>
    <property name="java.class.path" value="C:\Users\Dell\.p2\pool\plugins\org.eclipse.m2e.maven.runtime_1.18.0.20210618-2246\jars\plexus-classworlds-2.6.0.jar"/>
    <property name="java.vm.specification.version" value="12"/>
    <property name="sun.arch.data.model" value="64"/>
    <property name="sun.java.command" value="org.codehaus.plexus.classworlds.launcher.Launcher -B clean test"/>
    <property name="java.home" value="C:\Program Files\Java\jdk-12.0.2"/>
    <property name="user.language" value="en"/>
    <property name="java.specification.vendor" value="Oracle Corporation"/>
    <property name="awt.toolkit" value="sun.awt.windows.WToolkit"/>
    <property name="java.vm.info" value="mixed mode, sharing"/>
    <property name="java.version" value="12.0.2"/>
    <property name="java.vendor" value="Oracle Corporation"/>
    <property name="maven.home" value="C:\Users\Dell\eclipse-workspace5\TestNG-LambdaTest\EMBEDDED"/>
    <property name="file.separator" value="\"/>
    <property name="java.version.date" value="2019-07-16"/>
    <property name="java.vendor.url.bug" value="https://bugreport.java.com/bugreport/"/>
    <property name="sun.io.unicode.encoding" value="UnicodeLittle"/>
    <property name="sun.cpu.endian" value="little"/>
    <property name="sun.desktop" value="windows"/>
    <property name="sun.cpu.isalist" value="amd64"/>
  </properties>
  <testcase name="pageTitleValidation" classname="testNG_TestCases.Testng_Test1" time="0.434"/>
  <testcase name="pageTitleValidation" classname="testNG_TestCases.Testng_Test1" time="0.599"/>
  <testcase name="pageTitleValidation" classname="testNG_TestCases.Testng_Test1" time="0.622"/>
  <testcase name="pageTitleValidation" classname="testNG_TestCases.Testng_Test1" time="0.575"/>
  <testcase name="pageTitleValidation" classname="testNG_TestCases.Testng_Test1" time="0.425"/>
  <testcase name="pageTitleValidation" classname="testNG_TestCases.Testng_Test1" time="0.561"/>
  <testcase name="pageTitleValidation" classname="testNG_TestCases.Testng_Test1" time="0.378"/>
  <testcase name="pageTitleValidation" classname="testNG_TestCases.Testng_Test1" time="0.588"/>
  <testcase name="checkBoxValidation" classname="testNG_TestCases.Testng_Test2" time="12.719"/>
  <testcase name="checkBoxValidation" classname="testNG_TestCases.Testng_Test2" time="2.127"/>
  <testcase name="checkBoxValidation" classname="testNG_TestCases.Testng_Test2" time="11.073"/>
  <testcase name="checkBoxValidation" classname="testNG_TestCases.Testng_Test2" time="31.96"/>
  <testcase name="checkBoxValidation" classname="testNG_TestCases.Testng_Test2" time="31.709"/>
  <testcase name="checkBoxValidation" classname="testNG_TestCases.Testng_Test2" time="32.507"/>
  <testcase name="checkBoxValidation" classname="testNG_TestCases.Testng_Test2" time="31.626"/>
  <testcase name="checkBoxValidation" classname="testNG_TestCases.Testng_Test2" time="33.385"/>
  <testcase name="handlingJavaScriptAlertBox" classname="testNG_TestCases.Testng_Test3" time="0.024"/>
  <testcase name="handlingJavaScriptAlertBox" classname="testNG_TestCases.Testng_Test3" time="0.238"/>
  <testcase name="handlingJavaScriptAlertBox" classname="testNG_TestCases.Testng_Test3" time="0.033"/>
  <testcase name="handlingJavaScriptAlertBox" classname="testNG_TestCases.Testng_Test3" time="0.032"/>
  <testcase name="handlingJavaScriptAlertBox" classname="testNG_TestCases.Testng_Test3" time="0.035"/>
  <testcase name="handlingJavaScriptAlertBox" classname="testNG_TestCases.Testng_Test3" time="0.217"/>
  <testcase name="handlingJavaScriptAlertBox" classname="testNG_TestCases.Testng_Test3" time="0.02"/>
  <testcase name="handlingJavaScriptAlertBox" classname="testNG_TestCases.Testng_Test3" time="0.022"/>
</testsuite>