<?xml version="1.0" encoding="UTF-8"?>
<!-- Generated by org.testng.reporters.JUnitReportReporter -->
<testsuite hostname="DESKTOP-FI8UJG3" failures="0" tests="1" name="testNG_TestCases.Testng_Test1" time="26.463" errors="0" timestamp="2022-10-05T01:42:41 IST" skipped="0">
  <testcase classname="testNG_TestCases.Testng_Test1" name="pageTitleValidation" time="26.463"/>
  <system-out>
    <![CDATA[<--------Scenario 1: Page title validation Started-------->
Asserting wrong page Title]]>
  </system-out>
</testsuite> <!-- testNG_TestCases.Testng_Test1 -->
