<?xml version="1.0" encoding="UTF-8"?>
<!-- Generated by org.testng.reporters.JUnitReportReporter -->
<testsuite hostname="DESKTOP-FI8UJG3" failures="0" tests="1" name="testNG_TestCases.Testng_Test3" time="9.948" errors="0" timestamp="2022-10-05T01:42:41 IST" skipped="0">
  <testcase classname="testNG_TestCases.Testng_Test3" name="handlingJavaScriptAlertBox" time="9.948"/>
  <system-out>
    <![CDATA[<--------Scenario 3: Handling Java Script Alert Box Started-------->
Click Javascript Alerts under Alerts and  Modals ]]>
  </system-out>
</testsuite> <!-- testNG_TestCases.Testng_Test3 -->
