<?xml version="1.0" encoding="UTF-8"?>
<!-- Generated by org.testng.reporters.JUnitReportReporter -->
<testsuite hostname="DESKTOP-FI8UJG3" failures="0" tests="1" name="testNG_TestCases.Testng_Test_1" time="14.320" errors="0" timestamp="2022-10-01T18:05:00 IST" skipped="0">
  <testcase classname="testNG_TestCases.Testng_Test_1" name="pageTitleValidation" time="14.320"/>
  <system-out/>
</testsuite> <!-- testNG_TestCases.Testng_Test_1 -->
