<?xml version="1.0" encoding="UTF-8"?>
<!-- Generated by org.testng.reporters.JUnitReportReporter -->
<testsuite hostname="DESKTOP-FI8UJG3" failures="0" tests="8" name="testNG_TestCases.Testng_Test1" time="106.128" errors="0" timestamp="2022-10-02T00:45:35 IST" skipped="0">
  <testcase classname="testNG_TestCases.Testng_Test1" name="pageTitleValidation" time="19.796"/>
  <system-out>
    <![CDATA[<--------Scenario 1: Page title validation Started-------->
Asserting wrong page Title]]>
  </system-out>
  <testcase classname="testNG_TestCases.Testng_Test1" name="pageTitleValidation" time="8.582"/>
  <system-out>
    <![CDATA[<--------Scenario 1: Page title validation Started-------->
Asserting wrong page Title]]>
  </system-out>
  <testcase classname="testNG_TestCases.Testng_Test1" name="pageTitleValidation" time="13.297"/>
  <system-out>
    <![CDATA[<--------Scenario 1: Page title validation Started-------->
Asserting wrong page Title]]>
  </system-out>
  <testcase classname="testNG_TestCases.Testng_Test1" name="pageTitleValidation" time="10.198"/>
  <system-out>
    <![CDATA[<--------Scenario 1: Page title validation Started-------->
Asserting wrong page Title]]>
  </system-out>
  <testcase classname="testNG_TestCases.Testng_Test1" name="pageTitleValidation" time="14.079"/>
  <system-out>
    <![CDATA[<--------Scenario 1: Page title validation Started-------->
Asserting wrong page Title]]>
  </system-out>
  <testcase classname="testNG_TestCases.Testng_Test1" name="pageTitleValidation" time="11.186"/>
  <system-out>
    <![CDATA[<--------Scenario 1: Page title validation Started-------->
Asserting wrong page Title]]>
  </system-out>
  <testcase classname="testNG_TestCases.Testng_Test1" name="pageTitleValidation" time="19.782"/>
  <system-out>
    <![CDATA[<--------Scenario 1: Page title validation Started-------->
Asserting wrong page Title]]>
  </system-out>
  <testcase classname="testNG_TestCases.Testng_Test1" name="pageTitleValidation" time="9.208"/>
  <system-out>
    <![CDATA[<--------Scenario 1: Page title validation Started-------->
Asserting wrong page Title]]>
  </system-out>
</testsuite> <!-- testNG_TestCases.Testng_Test1 -->
