<?xml version="1.0" encoding="UTF-8"?>
<!-- Generated by org.testng.reporters.JUnitReportReporter -->
<testsuite hostname="DESKTOP-FI8UJG3" failures="0" tests="8" name="testNG_TestCases.Testng_Test1" time="141.366" errors="0" timestamp="2022-10-05T02:48:17 IST" skipped="0">
  <testcase classname="testNG_TestCases.Testng_Test1" name="pageTitleValidation" time="17.417"/>
  <system-out>
    <![CDATA[<--------Scenario 1: Page title validation Started-------->
Asserting wrong page Title]]>
  </system-out>
  <testcase classname="testNG_TestCases.Testng_Test1" name="pageTitleValidation" time="8.541"/>
  <system-out>
    <![CDATA[<--------Scenario 1: Page title validation Started-------->
Asserting wrong page Title]]>
  </system-out>
  <testcase classname="testNG_TestCases.Testng_Test1" name="pageTitleValidation" time="21.270"/>
  <system-out>
    <![CDATA[<--------Scenario 1: Page title validation Started-------->
Asserting wrong page Title]]>
  </system-out>
  <testcase classname="testNG_TestCases.Testng_Test1" name="pageTitleValidation" time="20.491"/>
  <system-out>
    <![CDATA[<--------Scenario 1: Page title validation Started-------->
Asserting wrong page Title]]>
  </system-out>
  <testcase classname="testNG_TestCases.Testng_Test1" name="pageTitleValidation" time="9.413"/>
  <system-out>
    <![CDATA[<--------Scenario 1: Page title validation Started-------->
Asserting wrong page Title]]>
  </system-out>
  <testcase classname="testNG_TestCases.Testng_Test1" name="pageTitleValidation" time="37.554"/>
  <system-out>
    <![CDATA[<--------Scenario 1: Page title validation Started-------->
Asserting wrong page Title]]>
  </system-out>
  <testcase classname="testNG_TestCases.Testng_Test1" name="pageTitleValidation" time="9.246"/>
  <system-out>
    <![CDATA[<--------Scenario 1: Page title validation Started-------->
Asserting wrong page Title]]>
  </system-out>
  <testcase classname="testNG_TestCases.Testng_Test1" name="pageTitleValidation" time="17.434"/>
  <system-out>
    <![CDATA[<--------Scenario 1: Page title validation Started-------->
Asserting wrong page Title]]>
  </system-out>
</testsuite> <!-- testNG_TestCases.Testng_Test1 -->
