<?xml version="1.0" encoding="UTF-8"?>
<!-- Generated by org.testng.reporters.JUnitReportReporter -->
<testsuite hostname="DESKTOP-FI8UJG3" failures="0" tests="8" name="testNG_TestCases.Testng_Test3" time="110.643" errors="0" timestamp="2022-10-02T00:45:35 IST" skipped="0">
  <testcase classname="testNG_TestCases.Testng_Test3" name="handlingJavaScriptAlertBox" time="18.299"/>
  <system-out>
    <![CDATA[<--------Scenario 3: Handling Java Script Alert Box Started-------->
Click Javascript Alerts under Alerts and  Modals ]]>
  </system-out>
  <testcase classname="testNG_TestCases.Testng_Test3" name="handlingJavaScriptAlertBox" time="10.016"/>
  <system-out>
    <![CDATA[<--------Scenario 3: Handling Java Script Alert Box Started-------->
Click Javascript Alerts under Alerts and  Modals ]]>
  </system-out>
  <testcase classname="testNG_TestCases.Testng_Test3" name="handlingJavaScriptAlertBox" time="17.917"/>
  <system-out>
    <![CDATA[<--------Scenario 3: Handling Java Script Alert Box Started-------->
Click Javascript Alerts under Alerts and  Modals ]]>
  </system-out>
  <testcase classname="testNG_TestCases.Testng_Test3" name="handlingJavaScriptAlertBox" time="11.201"/>
  <system-out>
    <![CDATA[<--------Scenario 3: Handling Java Script Alert Box Started-------->
Click Javascript Alerts under Alerts and  Modals ]]>
  </system-out>
  <testcase classname="testNG_TestCases.Testng_Test3" name="handlingJavaScriptAlertBox" time="10.732"/>
  <system-out>
    <![CDATA[<--------Scenario 3: Handling Java Script Alert Box Started-------->
Click Javascript Alerts under Alerts and  Modals ]]>
  </system-out>
  <testcase classname="testNG_TestCases.Testng_Test3" name="handlingJavaScriptAlertBox" time="10.762"/>
  <system-out>
    <![CDATA[<--------Scenario 3: Handling Java Script Alert Box Started-------->
Click Javascript Alerts under Alerts and  Modals ]]>
  </system-out>
  <testcase classname="testNG_TestCases.Testng_Test3" name="handlingJavaScriptAlertBox" time="12.161"/>
  <system-out>
    <![CDATA[<--------Scenario 3: Handling Java Script Alert Box Started-------->
Click Javascript Alerts under Alerts and  Modals ]]>
  </system-out>
  <testcase classname="testNG_TestCases.Testng_Test3" name="handlingJavaScriptAlertBox" time="19.555"/>
  <system-out>
    <![CDATA[<--------Scenario 3: Handling Java Script Alert Box Started-------->
Click Javascript Alerts under Alerts and  Modals ]]>
  </system-out>
</testsuite> <!-- testNG_TestCases.Testng_Test3 -->
