<?xml version="1.0" encoding="UTF-8"?>
<!-- Generated by org.testng.reporters.JUnitReportReporter -->
<testsuite hostname="DESKTOP-FI8UJG3" failures="0" tests="8" name="testNG_TestCases.Testng_Test2" time="143.438" errors="0" timestamp="2022-10-05T12:01:26 IST" skipped="0">
  <testcase classname="testNG_TestCases.Testng_Test2" name="pageTitleValidation" time="13.818"/>
  <system-out>
    <![CDATA[Step 1:Open LambdaTest’s Selenium Playground from
<--------Scenario 1: Page title validation Started-------->
Asserting wrong page Title]]>
  </system-out>
  <testcase classname="testNG_TestCases.Testng_Test2" name="pageTitleValidation" time="14.480"/>
  <system-out>
    <![CDATA[Step 1:Open LambdaTest’s Selenium Playground from
<--------Scenario 1: Page title validation Started-------->
Asserting wrong page Title]]>
  </system-out>
  <testcase classname="testNG_TestCases.Testng_Test2" name="pageTitleValidation" time="20.721"/>
  <system-out>
    <![CDATA[Step 1:Open LambdaTest’s Selenium Playground from
<--------Scenario 1: Page title validation Started-------->
Asserting wrong page Title]]>
  </system-out>
  <testcase classname="testNG_TestCases.Testng_Test2" name="pageTitleValidation" time="19.433"/>
  <system-out>
    <![CDATA[Step 1:Open LambdaTest’s Selenium Playground from
<--------Scenario 1: Page title validation Started-------->
Asserting wrong page Title]]>
  </system-out>
  <testcase classname="testNG_TestCases.Testng_Test2" name="pageTitleValidation" time="21.129"/>
  <system-out>
    <![CDATA[Step 1:Open LambdaTest’s Selenium Playground from
<--------Scenario 1: Page title validation Started-------->
Asserting wrong page Title]]>
  </system-out>
  <testcase classname="testNG_TestCases.Testng_Test2" name="pageTitleValidation" time="17.846"/>
  <system-out>
    <![CDATA[Step 1:Open LambdaTest’s Selenium Playground from
<--------Scenario 1: Page title validation Started-------->
Asserting wrong page Title]]>
  </system-out>
  <testcase classname="testNG_TestCases.Testng_Test2" name="pageTitleValidation" time="22.895"/>
  <system-out>
    <![CDATA[Step 1:Open LambdaTest’s Selenium Playground from
<--------Scenario 1: Page title validation Started-------->
Asserting wrong page Title]]>
  </system-out>
  <testcase classname="testNG_TestCases.Testng_Test2" name="pageTitleValidation" time="13.116"/>
  <system-out>
    <![CDATA[Step 1:Open LambdaTest’s Selenium Playground from
<--------Scenario 1: Page title validation Started-------->
Asserting wrong page Title]]>
  </system-out>
</testsuite> <!-- testNG_TestCases.Testng_Test2 -->
