<?xml version="1.0" encoding="UTF-8"?>
<!-- Generated by org.testng.reporters.JUnitReportReporter -->
<testsuite hostname="DESKTOP-FI8UJG3" failures="0" tests="8" name="testNG_TestCases.Testng_Test3" time="159.736" errors="0" timestamp="2022-10-05T02:48:17 IST" skipped="0">
  <testcase classname="testNG_TestCases.Testng_Test3" name="handlingJavaScriptAlertBox" time="37.848"/>
  <system-out>
    <![CDATA[<--------Scenario 3: Handling Java Script Alert Box Started-------->
Click Javascript Alerts under Alerts and  Modals ]]>
  </system-out>
  <testcase classname="testNG_TestCases.Testng_Test3" name="handlingJavaScriptAlertBox" time="28.445"/>
  <system-out>
    <![CDATA[<--------Scenario 3: Handling Java Script Alert Box Started-------->
Click Javascript Alerts under Alerts and  Modals ]]>
  </system-out>
  <testcase classname="testNG_TestCases.Testng_Test3" name="handlingJavaScriptAlertBox" time="9.295"/>
  <system-out>
    <![CDATA[<--------Scenario 3: Handling Java Script Alert Box Started-------->
Click Javascript Alerts under Alerts and  Modals ]]>
  </system-out>
  <testcase classname="testNG_TestCases.Testng_Test3" name="handlingJavaScriptAlertBox" time="47.982"/>
  <system-out>
    <![CDATA[<--------Scenario 3: Handling Java Script Alert Box Started-------->
Click Javascript Alerts under Alerts and  Modals ]]>
  </system-out>
  <testcase classname="testNG_TestCases.Testng_Test3" name="handlingJavaScriptAlertBox" time="8.866"/>
  <system-out>
    <![CDATA[<--------Scenario 3: Handling Java Script Alert Box Started-------->
Click Javascript Alerts under Alerts and  Modals ]]>
  </system-out>
  <testcase classname="testNG_TestCases.Testng_Test3" name="handlingJavaScriptAlertBox" time="9.446"/>
  <system-out>
    <![CDATA[<--------Scenario 3: Handling Java Script Alert Box Started-------->
Click Javascript Alerts under Alerts and  Modals ]]>
  </system-out>
  <testcase classname="testNG_TestCases.Testng_Test3" name="handlingJavaScriptAlertBox" time="8.116"/>
  <system-out>
    <![CDATA[<--------Scenario 3: Handling Java Script Alert Box Started-------->
Click Javascript Alerts under Alerts and  Modals ]]>
  </system-out>
  <testcase classname="testNG_TestCases.Testng_Test3" name="handlingJavaScriptAlertBox" time="9.738"/>
  <system-out>
    <![CDATA[<--------Scenario 3: Handling Java Script Alert Box Started-------->
Click Javascript Alerts under Alerts and  Modals ]]>
  </system-out>
</testsuite> <!-- testNG_TestCases.Testng_Test3 -->
