<?xml version="1.0" encoding="UTF-8"?>
<!-- Generated by org.testng.reporters.JUnitReportReporter -->
<testsuite hostname="DESKTOP-FI8UJG3" failures="0" tests="8" name="testNG_TestCases.Testng_Test2" time="421.858" errors="0" timestamp="2022-10-05T02:48:17 IST" skipped="0">
  <testcase classname="testNG_TestCases.Testng_Test2" name="checkBoxValidation" time="100.040"/>
  <system-out>
    <![CDATA[<--------Scenario 2: Check Box  validation Started-------->
Click Checkbox Demo under Input Forms]]>
  </system-out>
  <testcase classname="testNG_TestCases.Testng_Test2" name="checkBoxValidation" time="46.068"/>
  <system-out>
    <![CDATA[<--------Scenario 2: Check Box  validation Started-------->
Click Checkbox Demo under Input Forms]]>
  </system-out>
  <testcase classname="testNG_TestCases.Testng_Test2" name="checkBoxValidation" time="40.437"/>
  <system-out>
    <![CDATA[<--------Scenario 2: Check Box  validation Started-------->
Click Checkbox Demo under Input Forms]]>
  </system-out>
  <testcase classname="testNG_TestCases.Testng_Test2" name="checkBoxValidation" time="50.170"/>
  <system-out>
    <![CDATA[<--------Scenario 2: Check Box  validation Started-------->
Click Checkbox Demo under Input Forms]]>
  </system-out>
  <testcase classname="testNG_TestCases.Testng_Test2" name="checkBoxValidation" time="40.804"/>
  <system-out>
    <![CDATA[<--------Scenario 2: Check Box  validation Started-------->
Click Checkbox Demo under Input Forms]]>
  </system-out>
  <testcase classname="testNG_TestCases.Testng_Test2" name="checkBoxValidation" time="51.205"/>
  <system-out>
    <![CDATA[<--------Scenario 2: Check Box  validation Started-------->
Click Checkbox Demo under Input Forms]]>
  </system-out>
  <testcase classname="testNG_TestCases.Testng_Test2" name="checkBoxValidation" time="49.353"/>
  <system-out>
    <![CDATA[<--------Scenario 2: Check Box  validation Started-------->
Click Checkbox Demo under Input Forms]]>
  </system-out>
  <testcase classname="testNG_TestCases.Testng_Test2" name="checkBoxValidation" time="43.781"/>
  <system-out>
    <![CDATA[<--------Scenario 2: Check Box  validation Started-------->
Click Checkbox Demo under Input Forms]]>
  </system-out>
</testsuite> <!-- testNG_TestCases.Testng_Test2 -->
