<?xml version="1.0" encoding="UTF-8"?>
<!-- Generated by org.testng.reporters.JUnitReportReporter -->
<testsuite hostname="DESKTOP-FI8UJG3" failures="0" tests="8" name="testNG_TestCases.Testng_Test2" time="169.176" errors="0" timestamp="2022-10-02T00:45:35 IST" skipped="0">
  <testcase classname="testNG_TestCases.Testng_Test2" name="checkBoxValidation" time="10.153"/>
  <system-out>
    <![CDATA[<--------Scenario 2: Check Box  validation Started-------->
Click Checkbox Demo under Input Forms
Click the checkbox under the Single Checkbox Demo section]]>
  </system-out>
  <testcase classname="testNG_TestCases.Testng_Test2" name="checkBoxValidation" time="11.506"/>
  <system-out>
    <![CDATA[<--------Scenario 2: Check Box  validation Started-------->
Click Checkbox Demo under Input Forms
Click the checkbox under the Single Checkbox Demo section]]>
  </system-out>
  <testcase classname="testNG_TestCases.Testng_Test2" name="checkBoxValidation" time="16.110"/>
  <system-out>
    <![CDATA[<--------Scenario 2: Check Box  validation Started-------->
Click Checkbox Demo under Input Forms
Click the checkbox under the Single Checkbox Demo section]]>
  </system-out>
  <testcase classname="testNG_TestCases.Testng_Test2" name="checkBoxValidation" time="60.541"/>
  <system-out>
    <![CDATA[<--------Scenario 2: Check Box  validation Started-------->
Click Checkbox Demo under Input Forms
Click the checkbox under the Single Checkbox Demo section]]>
  </system-out>
  <testcase classname="testNG_TestCases.Testng_Test2" name="checkBoxValidation" time="11.515"/>
  <system-out>
    <![CDATA[<--------Scenario 2: Check Box  validation Started-------->
Click Checkbox Demo under Input Forms
Click the checkbox under the Single Checkbox Demo section]]>
  </system-out>
  <testcase classname="testNG_TestCases.Testng_Test2" name="checkBoxValidation" time="10.859"/>
  <system-out>
    <![CDATA[<--------Scenario 2: Check Box  validation Started-------->
Click Checkbox Demo under Input Forms
Click the checkbox under the Single Checkbox Demo section]]>
  </system-out>
  <testcase classname="testNG_TestCases.Testng_Test2" name="checkBoxValidation" time="17.486"/>
  <system-out>
    <![CDATA[<--------Scenario 2: Check Box  validation Started-------->
Click Checkbox Demo under Input Forms
Click the checkbox under the Single Checkbox Demo section]]>
  </system-out>
  <testcase classname="testNG_TestCases.Testng_Test2" name="checkBoxValidation" time="31.006"/>
  <system-out>
    <![CDATA[<--------Scenario 2: Check Box  validation Started-------->
Click Checkbox Demo under Input Forms
Click the checkbox under the Single Checkbox Demo section]]>
  </system-out>
</testsuite> <!-- testNG_TestCases.Testng_Test2 -->
