<?xml version="1.0" encoding="UTF-8"?>
<!-- Generated by org.testng.reporters.JUnitReportReporter -->
<testsuite hostname="DESKTOP-FI8UJG3" failures="0" tests="8" name="testNG_TestCases.Testng_Test3" time="143.628" errors="0" timestamp="2022-10-05T12:01:26 IST" skipped="0">
  <testcase classname="testNG_TestCases.Testng_Test3" name="handlingJavaScriptAlertBox" time="17.428"/>
  <system-out>
    <![CDATA[Step 1:Open LambdaTest’s Selenium Playground from
<--------Scenario 3: Handling Java Script Alert Box Started-------->
Click Javascript Alerts under Alerts and  Modals ]]>
  </system-out>
  <testcase classname="testNG_TestCases.Testng_Test3" name="handlingJavaScriptAlertBox" time="14.287"/>
  <system-out>
    <![CDATA[Step 1:Open LambdaTest’s Selenium Playground from
<--------Scenario 3: Handling Java Script Alert Box Started-------->
Click Javascript Alerts under Alerts and  Modals ]]>
  </system-out>
  <testcase classname="testNG_TestCases.Testng_Test3" name="handlingJavaScriptAlertBox" time="21.266"/>
  <system-out>
    <![CDATA[Step 1:Open LambdaTest’s Selenium Playground from
<--------Scenario 3: Handling Java Script Alert Box Started-------->
Click Javascript Alerts under Alerts and  Modals ]]>
  </system-out>
  <testcase classname="testNG_TestCases.Testng_Test3" name="handlingJavaScriptAlertBox" time="14.715"/>
  <system-out>
    <![CDATA[Step 1:Open LambdaTest’s Selenium Playground from
<--------Scenario 3: Handling Java Script Alert Box Started-------->
Click Javascript Alerts under Alerts and  Modals ]]>
  </system-out>
  <testcase classname="testNG_TestCases.Testng_Test3" name="handlingJavaScriptAlertBox" time="11.645"/>
  <system-out>
    <![CDATA[Step 1:Open LambdaTest’s Selenium Playground from
<--------Scenario 3: Handling Java Script Alert Box Started-------->
Click Javascript Alerts under Alerts and  Modals ]]>
  </system-out>
  <testcase classname="testNG_TestCases.Testng_Test3" name="handlingJavaScriptAlertBox" time="21.234"/>
  <system-out>
    <![CDATA[Step 1:Open LambdaTest’s Selenium Playground from
<--------Scenario 3: Handling Java Script Alert Box Started-------->
Click Javascript Alerts under Alerts and  Modals ]]>
  </system-out>
  <testcase classname="testNG_TestCases.Testng_Test3" name="handlingJavaScriptAlertBox" time="18.690"/>
  <system-out>
    <![CDATA[Step 1:Open LambdaTest’s Selenium Playground from
<--------Scenario 3: Handling Java Script Alert Box Started-------->
Click Javascript Alerts under Alerts and  Modals ]]>
  </system-out>
  <testcase classname="testNG_TestCases.Testng_Test3" name="handlingJavaScriptAlertBox" time="24.363"/>
  <system-out>
    <![CDATA[Step 1:Open LambdaTest’s Selenium Playground from
<--------Scenario 3: Handling Java Script Alert Box Started-------->
Click Javascript Alerts under Alerts and  Modals ]]>
  </system-out>
</testsuite> <!-- testNG_TestCases.Testng_Test3 -->
